<?xml version="1.0" encoding="UTF-8"?>
<!-- Generated by org.testng.reporters.JUnitReportReporter -->
<testsuite hostname="BHAVIN" failures="0" tests="1" name="cucumberOptions.TestRunner" time="16.030" errors="0" timestamp="2022-11-19T18:47:07 IST" skipped="0">
  <testcase classname="cucumberOptions.TestRunner" name="runScenario" time="16.030"/>
  <system-out/>
</testsuite> <!-- cucumberOptions.TestRunner -->
